2017-11-03 11:58:01Controller:app\Controller\IndexController  action:index
2017-11-03 11:58:01Controller:app\Controller\ImagesController  action:4.jpg
2017-11-03 11:58:01Controller:app\Controller\ImagesController  action:6.jpg
2017-11-03 11:58:01Controller:app\Controller\ImagesController  action:8.jpg
2017-11-03 11:58:01Controller:app\Controller\ImagesController  action:7.jpg
2017-11-03 11:58:01Controller:app\Controller\ImagesController  action:5.jpg
2017-11-03 11:58:01Controller:app\Controller\ImagesController  action:3.jpg
2017-11-03 11:59:01Controller:app\Controller\IndexController  action:index
2017-11-03 12:05:50Controller:app\Controller\IndexController  action:index
2017-11-03 12:06:07Controller:app\Controller\IndexController  action:index
2017-11-03 12:07:19Controller:app\Controller\IndexController  action:index
2017-11-03 12:08:37Controller:app\Controller\IndexController  action:index
2017-11-03 12:09:19Controller:app\Controller\IndexController  action:index
2017-11-03 12:15:29Controller:app\Controller\IndexController  action:index
2017-11-03 12:16:03Controller:app\Controller\IndexController  action:index
2017-11-03 12:16:07Controller:app\Controller\IndexController  action:get_city
2017-11-03 12:16:58Controller:app\Controller\IndexController  action:get_city
2017-11-03 12:18:57Controller:app\Controller\IndexController  action:index
2017-11-03 12:19:01Controller:app\Controller\IndexController  action:get_city
2017-11-03 12:19:34Controller:app\Controller\IndexController  action:index
2017-11-03 12:19:37Controller:app\Controller\IndexController  action:get_city
2017-11-03 12:19:48Controller:app\Controller\IndexController  action:get_city
2017-11-03 12:19:51Controller:app\Controller\IndexController  action:get_city
2017-11-03 12:19:59Controller:app\Controller\IndexController  action:get_city
2017-11-03 12:23:11Controller:app\Controller\IndexController  action:index
2017-11-03 12:23:18Controller:app\Controller\IndexController  action:get_city
2017-11-03 12:23:31Controller:app\Controller\IndexController  action:index
2017-11-03 12:23:35Controller:app\Controller\IndexController  action:get_city
2017-11-03 12:23:43Controller:app\Controller\IndexController  action:submitContect
2017-11-03 12:56:28Controller:app\Controller\IndexController  action:index
2017-11-03 12:56:31Controller:app\Controller\IndexController  action:get_city
2017-11-03 12:56:37Controller:app\Controller\IndexController  action:submitContect
2017-11-03 12:56:41Controller:app\Controller\IndexController  action:get_city
2017-11-03 12:57:02Controller:app\Controller\IndexController  action:index
2017-11-03 12:57:09Controller:app\Controller\IndexController  action:get_city
2017-11-03 12:57:15Controller:app\Controller\IndexController  action:submitContect
2017-11-03 12:57:49Controller:app\Controller\IndexController  action:index
2017-11-03 12:57:57Controller:app\Controller\IndexController  action:get_city
2017-11-03 12:57:59Controller:app\Controller\IndexController  action:submitContect
2017-11-03 12:58:12Controller:app\Controller\IndexController  action:get_city
2017-11-03 12:58:16Controller:app\Controller\IndexController  action:submitContect
2017-11-03 12:59:00Controller:app\Controller\IndexController  action:submitContect
2017-11-03 12:59:10Controller:app\Controller\IndexController  action:submitContect
2017-11-03 12:59:33Controller:app\Controller\IndexController  action:submitContect
2017-11-03 12:59:53Controller:app\Controller\IndexController  action:submitContect
2017-11-03 13:00:18Controller:app\Controller\IndexController  action:submitContect
2017-11-03 13:00:26Controller:app\Controller\IndexController  action:submitContect
2017-11-03 13:00:28Controller:app\Controller\IndexController  action:index
2017-11-03 13:01:47Controller:app\Controller\AdminController  action:index
2017-11-03 13:02:17Controller:app\Controller\AdminController  action:index
2017-11-03 13:02:19Controller:app\Controller\AdminController  action:orderList
2017-11-03 13:03:31Controller:app\Controller\AdminController  action:orderList
2017-11-03 13:03:44Controller:app\Controller\AdminController  action:orderList
2017-11-03 13:05:15Controller:app\Controller\AdminController  action:orderList
2017-11-03 13:05:59Controller:app\Controller\AdminController  action:orderList
2017-11-03 13:06:20Controller:app\Controller\AdminController  action:orderList
2017-11-03 13:07:28Controller:app\Controller\AdminController  action:orderList
2017-11-03 13:08:28Controller:app\Controller\AdminController  action:orderList
2017-11-03 13:08:58Controller:app\Controller\AdminController  action:orderList
2017-11-03 13:10:40Controller:app\Controller\AdminController  action:orderList
2017-11-03 13:12:53Controller:app\Controller\AdminController  action:orderList
2017-11-03 13:13:02Controller:app\Controller\AdminController  action:orderList
2017-11-03 13:13:12Controller:app\Controller\AdminController  action:orderList
2017-11-03 13:13:21Controller:app\Controller\AdminController  action:downloadOrder
2017-11-03 13:14:18Controller:app\Controller\AdminController  action:downloadOrder
2017-11-03 13:15:19Controller:app\Controller\AdminController  action:downloadOrder
2017-11-03 13:15:43Controller:app\Controller\AdminController  action:downloadOrder
2017-11-03 13:16:00Controller:app\Controller\AdminController  action:orderList
2017-11-03 13:16:12Controller:app\Controller\AdminController  action:orderList
2017-11-03 13:16:17Controller:app\Controller\AdminController  action:orderList
2017-11-03 13:16:28Controller:app\Controller\AdminController  action:orderList
2017-11-03 13:16:29Controller:app\Controller\AdminController  action:downloadOrder
2017-11-03 13:16:57Controller:app\Controller\AdminController  action:downloadOrder
2017-11-03 13:17:37Controller:app\Controller\AdminController  action:downloadOrder
2017-11-03 13:19:42Controller:app\Controller\AdminController  action:downloadOrder
2017-11-03 20:43:50Controller:app\Controller\IndexController  action:index
2017-11-03 20:44:43Controller:app\Controller\IndexController  action:index
2017-11-03 20:44:54Controller:app\Controller\IndexController  action:index
2017-11-03 20:46:44Controller:app\Controller\IndexController  action:index
2017-11-03 20:47:39Controller:app\Controller\IndexController  action:index
2017-11-03 20:48:02Controller:app\Controller\IndexController  action:index
2017-11-03 20:48:56Controller:app\Controller\IndexController  action:index
2017-11-03 20:48:57Controller:app\Controller\ImagesController  action:4.jpg
2017-11-03 20:49:08Controller:app\Controller\IndexController  action:get_city
2017-11-03 20:49:11Controller:app\Controller\IndexController  action:get_city
2017-11-03 20:49:15Controller:app\Controller\IndexController  action:get_city
2017-11-03 20:49:42Controller:app\Controller\IndexController  action:index
2017-11-03 20:50:13Controller:app\Controller\IndexController  action:get_city
2017-11-03 20:50:15Controller:app\Controller\IndexController  action:submitContect
2017-11-03 20:50:18Controller:app\Controller\IndexController  action:index
2017-11-03 20:53:09Controller:app\Controller\AdminController  action:index
2017-11-03 20:53:10Controller:app\Controller\CommonController  action:login
2017-11-03 20:53:11Controller:app\Controller\ResourceController  action:images
2017-11-03 20:53:11Controller:app\Controller\ResourceController  action:images
2017-11-03 20:53:47Controller:app\Controller\CommonController  action:login
2017-11-03 20:53:47Controller:app\Controller\ResourceController  action:images
2017-11-03 20:54:35Controller:app\Controller\CommonController  action:login
2017-11-03 20:54:36Controller:app\Controller\AdminController  action:index
2017-11-03 20:54:38Controller:app\Controller\AdminController  action:orderList
2017-11-03 20:54:42Controller:app\Controller\AdminController  action:orderList
2017-11-03 20:55:25Controller:app\Controller\AdminController  action:orderList
2017-11-03 20:55:44Controller:app\Controller\AdminController  action:orderList
2017-11-03 20:58:25Controller:app\Controller\AdminController  action:orderList
2017-11-03 20:58:39Controller:app\Controller\AdminController  action:orderList
2017-11-03 20:59:08Controller:app\Controller\AdminController  action:orderList
2017-11-03 20:59:24Controller:app\Controller\AdminController  action:orderList
2017-11-03 20:59:37Controller:app\Controller\AdminController  action:orderList
2017-11-03 20:59:44Controller:app\Controller\AdminController  action:orderList
2017-11-03 20:59:48Controller:app\Controller\AdminController  action:orderList
2017-11-03 20:59:53Controller:app\Controller\AdminController  action:downloadOrder
2017-11-03 21:00:25Controller:app\Controller\IndexController  action:index
2017-11-03 21:00:38Controller:app\Controller\IndexController  action:get_city
2017-11-03 21:00:39Controller:app\Controller\IndexController  action:submitContect
2017-11-03 21:00:41Controller:app\Controller\IndexController  action:index
2017-11-03 21:01:06Controller:app\Controller\IndexController  action:submitContect
2017-11-03 21:02:21Controller:app\Controller\IndexController  action:get_city
2017-11-03 21:02:21Controller:app\Controller\IndexController  action:submitContect
2017-11-03 21:02:23Controller:app\Controller\IndexController  action:index
2017-11-03 21:02:38Controller:app\Controller\IndexController  action:get_city
2017-11-03 21:02:38Controller:app\Controller\IndexController  action:submitContect
2017-11-03 21:02:40Controller:app\Controller\IndexController  action:index
2017-11-03 21:02:41Controller:app\Controller\AdminController  action:orderList
2017-11-03 21:02:51Controller:app\Controller\IndexController  action:index
2017-11-03 21:02:59Controller:app\Controller\IndexController  action:get_city
2017-11-03 21:02:59Controller:app\Controller\IndexController  action:submitContect
2017-11-03 21:03:01Controller:app\Controller\IndexController  action:index
2017-11-03 21:03:02Controller:app\Controller\AdminController  action:orderList
2017-11-03 21:03:08Controller:app\Controller\AdminController  action:orderList
2017-11-03 21:03:11Controller:app\Controller\AdminController  action:orderList
2017-11-03 21:03:17Controller:app\Controller\AdminController  action:orderList
2017-11-03 21:04:04Controller:app\Controller\AdminController  action:orderList
2017-11-03 21:04:44Controller:app\Controller\AdminController  action:orderList
2017-11-03 21:04:49Controller:app\Controller\AdminController  action:orderList
2017-11-03 21:04:57Controller:app\Controller\AdminController  action:orderList
2017-11-03 21:04:59Controller:app\Controller\AdminController  action:downloadOrder
2017-11-03 21:05:06Controller:app\Controller\AdminController  action:orderList
2017-11-03 21:05:20Controller:app\Controller\AdminController  action:orderList
2017-11-03 21:05:24Controller:app\Controller\AdminController  action:orderList
2017-11-03 21:05:27Controller:app\Controller\AdminController  action:orderList
